/*C1*/SET SCHEMA SYSTEM_LOBS
INSERT INTO BLOCKS VALUES(0,2147483647,0)
COMMIT
/*C2*/SET SCHEMA PUBLIC
DISCONNECT
/*C3*/SET SCHEMA PUBLIC
create table address (id bigint generated by default as identity (start with 1), city varchar(255), country varchar(255), state varchar(255), street varchar(255), zip_code varchar(255), primary key (id))
create table country (id integer generated by default as identity (start with 1), code varchar(255), name varchar(255), primary key (id))
create table customer (id bigint generated by default as identity (start with 1), email varchar(255), first_name varchar(255), last_name varchar(255), primary key (id))
create table order_item (id bigint generated by default as identity (start with 1), image_url varchar(255), product_id bigint, quantity integer, unit_price numeric(38,2), order_id bigint, primary key (id))
create table orders (id bigint generated by default as identity (start with 1), date_created timestamp(6), last_updated timestamp(6), order_tracking_number varchar(255), status varchar(255), total_price numeric(38,2), total_quantity integer, billing_address_id bigint, customer_id bigint, shipping_address_id bigint, primary key (id))
create table product (id bigint generated by default as identity (start with 1), active boolean, date_created timestamp(6), description varchar(255), image_url varchar(255), last_updated timestamp(6), name varchar(255), sku varchar(255), unit_price numeric(38,2), units_in_stock integer, category_id bigint not null, primary key (id))
create table product_category (id bigint generated by default as identity (start with 1), category_name varchar(255), primary key (id))
create table state (id integer generated by default as identity (start with 1), name varchar(255), country_id integer, primary key (id))
alter table orders add constraint UK_i4xhef5x6drd02us28r33k430 unique (billing_address_id)
alter table orders add constraint UK_sdv8vvdhj9gxm0dfoeh2rqvkh unique (shipping_address_id)
alter table order_item add constraint FKt4dc2r9nbvbujrljv3e23iibt foreign key (order_id) references orders
alter table orders add constraint FKqraecqgbbr1p37ic9dr44e2dr foreign key (billing_address_id) references address
alter table orders add constraint FK624gtjin3po807j3vix093tlf foreign key (customer_id) references customer
alter table orders add constraint FKh0uue95ltjysfmkqb5abgk7tj foreign key (shipping_address_id) references address
alter table product add constraint FK5cypb0k23bovo3rn1a5jqs6j4 foreign key (category_id) references product_category
alter table state add constraint FKghic7mqjt6qb9vq7up7awu0er foreign key (country_id) references country
DISCONNECT
/*C6*/SET SCHEMA PUBLIC
SET SCHEMA PUBLIC
SET SCHEMA PUBLIC
/*C7*/SET SCHEMA PUBLIC
SET SCHEMA PUBLIC
SET SCHEMA PUBLIC
INSERT INTO COUNTRY VALUES(1,'BR','Brazil')
COMMIT
/*C6*/INSERT INTO COUNTRY VALUES(2,'CA','Canada')
INSERT INTO COUNTRY VALUES(3,'DE','Germany')
INSERT INTO COUNTRY VALUES(4,'IN','India')
INSERT INTO COUNTRY VALUES(5,'TR','Turkey')
INSERT INTO COUNTRY VALUES(6,'US','United States')
COMMIT
INSERT INTO STATE VALUES(1,'Acre',1)
INSERT INTO STATE VALUES(2,'Alagoas',1)
INSERT INTO STATE VALUES(3,'Amap\u00e1',1)
INSERT INTO STATE VALUES(4,'Amazonas',1)
INSERT INTO STATE VALUES(5,'Bahia',1)
INSERT INTO STATE VALUES(6,'Cear\u00e1',1)
INSERT INTO STATE VALUES(7,'Distrito Federal',1)
INSERT INTO STATE VALUES(8,'Esp\u00edrito Santo',1)
INSERT INTO STATE VALUES(9,'Goi\u00e1s',1)
INSERT INTO STATE VALUES(10,'Maranh\u00e3o',1)
INSERT INTO STATE VALUES(11,'Mato Grosso do Sul',1)
INSERT INTO STATE VALUES(12,'Mato Grosso',1)
INSERT INTO STATE VALUES(13,'Minas Gerais',1)
INSERT INTO STATE VALUES(14,'Paran\u00e1',1)
INSERT INTO STATE VALUES(15,'Para\u00edba',1)
INSERT INTO STATE VALUES(16,'Par\u00e1',1)
INSERT INTO STATE VALUES(17,'Pernambuco',1)
INSERT INTO STATE VALUES(18,'Piaui',1)
INSERT INTO STATE VALUES(19,'Rio de Janeiro',1)
INSERT INTO STATE VALUES(20,'Rio Grande do Norte',1)
INSERT INTO STATE VALUES(21,'Rio Grande do Sul',1)
INSERT INTO STATE VALUES(22,'Rond\u00f4nia',1)
INSERT INTO STATE VALUES(23,'Roraima',1)
INSERT INTO STATE VALUES(24,'Santa Catarina',1)
INSERT INTO STATE VALUES(25,'Sergipe',1)
INSERT INTO STATE VALUES(26,'S\u00e3o Paulo',1)
INSERT INTO STATE VALUES(27,'Tocantins',1)
INSERT INTO STATE VALUES(28,'Alberta',2)
INSERT INTO STATE VALUES(29,'British Columbia',2)
INSERT INTO STATE VALUES(30,'Manitoba',2)
INSERT INTO STATE VALUES(31,'New Brunswick',2)
INSERT INTO STATE VALUES(32,'Newfoundland and Labrador',2)
INSERT INTO STATE VALUES(33,'Northwest Territories',2)
INSERT INTO STATE VALUES(34,'Nova Scotia',2)
INSERT INTO STATE VALUES(35,'Nunavut',2)
INSERT INTO STATE VALUES(36,'Ontario',2)
INSERT INTO STATE VALUES(37,'Prince Edward Island',2)
INSERT INTO STATE VALUES(38,'Quebec',2)
INSERT INTO STATE VALUES(39,'Saskatchewan',2)
INSERT INTO STATE VALUES(40,'Yukon',2)
INSERT INTO STATE VALUES(41,'Baden-W\u00fcrttemberg',3)
INSERT INTO STATE VALUES(42,'Bavaria',3)
INSERT INTO STATE VALUES(43,'Berlin',3)
INSERT INTO STATE VALUES(44,'Brandenburg',3)
INSERT INTO STATE VALUES(45,'Bremen',3)
INSERT INTO STATE VALUES(46,'Hamburg',3)
INSERT INTO STATE VALUES(47,'Hesse',3)
INSERT INTO STATE VALUES(48,'Lower Saxony',3)
INSERT INTO STATE VALUES(49,'Mecklenburg-Vorpommern',3)
INSERT INTO STATE VALUES(50,'North Rhine-Westphalia',3)
INSERT INTO STATE VALUES(51,'Rhineland-Palatinate',3)
INSERT INTO STATE VALUES(52,'Saarland',3)
INSERT INTO STATE VALUES(53,'Saxony',3)
INSERT INTO STATE VALUES(54,'Saxony-Anhalt',3)
INSERT INTO STATE VALUES(55,'Schleswig-Holstein',3)
INSERT INTO STATE VALUES(56,'Thuringia',3)
INSERT INTO STATE VALUES(57,'Andhra Pradesh',4)
INSERT INTO STATE VALUES(58,'Arunachal Pradesh',4)
INSERT INTO STATE VALUES(59,'Assam',4)
INSERT INTO STATE VALUES(60,'Bihar',4)
INSERT INTO STATE VALUES(61,'Chhattisgarh',4)
INSERT INTO STATE VALUES(62,'Goa',4)
INSERT INTO STATE VALUES(63,'Gujarat',4)
INSERT INTO STATE VALUES(64,'Haryana',4)
INSERT INTO STATE VALUES(65,'Himachal Pradesh',4)
INSERT INTO STATE VALUES(66,'Jammu & Kashmir',4)
INSERT INTO STATE VALUES(67,'Jharkhand',4)
INSERT INTO STATE VALUES(68,'Karnataka',4)
INSERT INTO STATE VALUES(69,'Kerala',4)
INSERT INTO STATE VALUES(70,'Madhya Pradesh',4)
INSERT INTO STATE VALUES(71,'Maharashtra',4)
INSERT INTO STATE VALUES(72,'Manipur',4)
INSERT INTO STATE VALUES(73,'Meghalaya',4)
INSERT INTO STATE VALUES(74,'Mizoram',4)
INSERT INTO STATE VALUES(75,'Nagaland',4)
INSERT INTO STATE VALUES(76,'Odisha',4)
INSERT INTO STATE VALUES(77,'Punjab',4)
INSERT INTO STATE VALUES(78,'Rajasthan',4)
INSERT INTO STATE VALUES(79,'Sikkim',4)
INSERT INTO STATE VALUES(80,'Tamil Nadu',4)
INSERT INTO STATE VALUES(81,'Telangana',4)
INSERT INTO STATE VALUES(82,'Tripura',4)
INSERT INTO STATE VALUES(83,'Uttar Pradesh',4)
INSERT INTO STATE VALUES(84,'Uttarakhand',4)
INSERT INTO STATE VALUES(85,'West Bengal',4)
INSERT INTO STATE VALUES(86,'Andaman and Nicobar Islands',4)
INSERT INTO STATE VALUES(87,'Chandigarh',4)
INSERT INTO STATE VALUES(88,'Dadra and Nagar Haveli',4)
INSERT INTO STATE VALUES(89,'Daman & Diu',4)
INSERT INTO STATE VALUES(90,'Lakshadweep',4)
INSERT INTO STATE VALUES(91,'Puducherry',4)
INSERT INTO STATE VALUES(92,'The Government of NCT of Delhi',4)
INSERT INTO STATE VALUES(93,'Alabama',6)
INSERT INTO STATE VALUES(94,'Alaska',6)
INSERT INTO STATE VALUES(95,'Arizona',6)
INSERT INTO STATE VALUES(96,'Arkansas',6)
INSERT INTO STATE VALUES(97,'California',6)
INSERT INTO STATE VALUES(98,'Colorado',6)
INSERT INTO STATE VALUES(99,'Connecticut',6)
INSERT INTO STATE VALUES(100,'Delaware',6)
INSERT INTO STATE VALUES(101,'District Of Columbia',6)
INSERT INTO STATE VALUES(102,'Florida',6)
INSERT INTO STATE VALUES(103,'Georgia',6)
INSERT INTO STATE VALUES(104,'Hawaii',6)
INSERT INTO STATE VALUES(105,'Idaho',6)
INSERT INTO STATE VALUES(106,'Illinois',6)
INSERT INTO STATE VALUES(107,'Indiana',6)
INSERT INTO STATE VALUES(108,'Iowa',6)
INSERT INTO STATE VALUES(109,'Kansas',6)
INSERT INTO STATE VALUES(110,'Kentucky',6)
INSERT INTO STATE VALUES(111,'Louisiana',6)
INSERT INTO STATE VALUES(112,'Maine',6)
INSERT INTO STATE VALUES(113,'Maryland',6)
INSERT INTO STATE VALUES(114,'Massachusetts',6)
INSERT INTO STATE VALUES(115,'Michigan',6)
INSERT INTO STATE VALUES(116,'Minnesota',6)
INSERT INTO STATE VALUES(117,'Mississippi',6)
INSERT INTO STATE VALUES(118,'Missouri',6)
INSERT INTO STATE VALUES(119,'Montana',6)
INSERT INTO STATE VALUES(120,'Nebraska',6)
INSERT INTO STATE VALUES(121,'Nevada',6)
INSERT INTO STATE VALUES(122,'New Hampshire',6)
INSERT INTO STATE VALUES(123,'New Jersey',6)
INSERT INTO STATE VALUES(124,'New Mexico',6)
INSERT INTO STATE VALUES(125,'New York',6)
INSERT INTO STATE VALUES(126,'North Carolina',6)
INSERT INTO STATE VALUES(127,'North Dakota',6)
INSERT INTO STATE VALUES(128,'Ohio',6)
INSERT INTO STATE VALUES(129,'Oklahoma',6)
INSERT INTO STATE VALUES(130,'Oregon',6)
INSERT INTO STATE VALUES(131,'Pennsylvania',6)
INSERT INTO STATE VALUES(132,'Rhode Island',6)
INSERT INTO STATE VALUES(133,'South Carolina',6)
INSERT INTO STATE VALUES(134,'South Dakota',6)
INSERT INTO STATE VALUES(135,'Tennessee',6)
INSERT INTO STATE VALUES(136,'Texas',6)
INSERT INTO STATE VALUES(137,'Utah',6)
INSERT INTO STATE VALUES(138,'Vermont',6)
INSERT INTO STATE VALUES(139,'Virginia',6)
INSERT INTO STATE VALUES(140,'Washington',6)
INSERT INTO STATE VALUES(141,'West Virginia',6)
INSERT INTO STATE VALUES(142,'Wisconsin',6)
INSERT INTO STATE VALUES(143,'Wyoming',6)
INSERT INTO STATE VALUES(144,'Ad\u0131yaman',5)
INSERT INTO STATE VALUES(145,'Afyonkarahisar',5)
INSERT INTO STATE VALUES(146,'A\u011fr\u0131',5)
INSERT INTO STATE VALUES(147,'Aksaray',5)
INSERT INTO STATE VALUES(148,'Amasya',5)
INSERT INTO STATE VALUES(149,'Ankara',5)
INSERT INTO STATE VALUES(150,'Antalya',5)
INSERT INTO STATE VALUES(151,'Ardahan',5)
INSERT INTO STATE VALUES(152,'Artvin',5)
INSERT INTO STATE VALUES(153,'Ayd\u0131n',5)
INSERT INTO STATE VALUES(154,'Bal\u0131kesir',5)
INSERT INTO STATE VALUES(155,'Bart\u0131n',5)
INSERT INTO STATE VALUES(156,'Batman',5)
INSERT INTO STATE VALUES(157,'Bayburt',5)
INSERT INTO STATE VALUES(158,'Bilecik',5)
INSERT INTO STATE VALUES(159,'Bing\u00f6l',5)
INSERT INTO STATE VALUES(160,'Bitlis',5)
INSERT INTO STATE VALUES(161,'Bolu',5)
INSERT INTO STATE VALUES(162,'Burdur',5)
INSERT INTO STATE VALUES(163,'Bursa',5)
INSERT INTO STATE VALUES(164,'\u00c7anakkale',5)
INSERT INTO STATE VALUES(165,'\u00c7ank\u0131r\u0131',5)
INSERT INTO STATE VALUES(166,'\u00c7orum',5)
INSERT INTO STATE VALUES(167,'Denizli',5)
INSERT INTO STATE VALUES(168,'Diyarbak\u0131r',5)
INSERT INTO STATE VALUES(169,'D\u00fczce',5)
INSERT INTO STATE VALUES(170,'Edirne',5)
INSERT INTO STATE VALUES(171,'Elaz\u0131\u011f',5)
INSERT INTO STATE VALUES(172,'Erzincan',5)
INSERT INTO STATE VALUES(173,'Erzurum',5)
INSERT INTO STATE VALUES(174,'Eski\u015fehir',5)
INSERT INTO STATE VALUES(175,'Gaziantep',5)
INSERT INTO STATE VALUES(176,'Giresun',5)
INSERT INTO STATE VALUES(177,'G\u00fcm\u00fc\u015fhane',5)
INSERT INTO STATE VALUES(178,'Hakk\u00e2ri',5)
INSERT INTO STATE VALUES(179,'Hatay',5)
INSERT INTO STATE VALUES(180,'I\u011fd\u0131r',5)
INSERT INTO STATE VALUES(181,'Isparta',5)
INSERT INTO STATE VALUES(182,'\u0130stanbul',5)
INSERT INTO STATE VALUES(183,'\u0130zmir',5)
INSERT INTO STATE VALUES(184,'Kahramanmara\u015f',5)
INSERT INTO STATE VALUES(185,'Karab\u00fck',5)
INSERT INTO STATE VALUES(186,'Karaman',5)
INSERT INTO STATE VALUES(187,'Kars',5)
INSERT INTO STATE VALUES(188,'Kastamonu',5)
INSERT INTO STATE VALUES(189,'Kayseri',5)
INSERT INTO STATE VALUES(190,'K\u0131r\u0131kkale',5)
INSERT INTO STATE VALUES(191,'K\u0131rklareli',5)
INSERT INTO STATE VALUES(192,'K\u0131r\u015fehir',5)
INSERT INTO STATE VALUES(193,'Kilis',5)
INSERT INTO STATE VALUES(194,'Kocaeli',5)
INSERT INTO STATE VALUES(195,'Konya',5)
INSERT INTO STATE VALUES(196,'K\u00fctahya',5)
INSERT INTO STATE VALUES(197,'Malatya',5)
INSERT INTO STATE VALUES(198,'Manisa',5)
INSERT INTO STATE VALUES(199,'Mardin',5)
INSERT INTO STATE VALUES(200,'Mersin',5)
INSERT INTO STATE VALUES(201,'Mu\u011fla',5)
INSERT INTO STATE VALUES(202,'Mu\u015f',5)
INSERT INTO STATE VALUES(203,'Nev\u015fehir',5)
INSERT INTO STATE VALUES(204,'Ni\u011fde',5)
INSERT INTO STATE VALUES(205,'Ordu',5)
INSERT INTO STATE VALUES(206,'Osmaniye',5)
INSERT INTO STATE VALUES(207,'Rize',5)
INSERT INTO STATE VALUES(208,'Sakarya',5)
INSERT INTO STATE VALUES(209,'Samsun',5)
INSERT INTO STATE VALUES(210,'Siirt',5)
INSERT INTO STATE VALUES(211,'Sinop',5)
INSERT INTO STATE VALUES(212,'Sivas',5)
INSERT INTO STATE VALUES(213,'\u015eanl\u0131urfa',5)
INSERT INTO STATE VALUES(214,'\u015e\u0131rnak',5)
INSERT INTO STATE VALUES(215,'Tekirda\u011f',5)
INSERT INTO STATE VALUES(216,'Tokat',5)
INSERT INTO STATE VALUES(217,'Trabzon',5)
INSERT INTO STATE VALUES(218,'Tunceli',5)
INSERT INTO STATE VALUES(219,'U\u015fak',5)
INSERT INTO STATE VALUES(220,'Van',5)
INSERT INTO STATE VALUES(221,'Yalova',5)
INSERT INTO STATE VALUES(222,'Yozgat',5)
INSERT INTO STATE VALUES(223,'Zonguldak',5)
COMMIT
INSERT INTO PRODUCT_CATEGORY VALUES(1,'BOOKS')
COMMIT
INSERT INTO PRODUCT VALUES(3,TRUE,'2023-07-02 20:22:52.122599','Learn Spring','assets/images/products/placeholder.png',NULL,'Spring Framework Tutorial','BOOK-TECH-1001',29.99,100,1)
COMMIT
INSERT INTO PRODUCT VALUES(4,TRUE,'2023-07-02 20:23:21.982104','Learn Spring','assets/images/products/placeholder.png',NULL,'Spring Framework Tutorial','BOOK-TECH-1001',29.99,100,1)
COMMIT
INSERT INTO PRODUCT VALUES(5,TRUE,'2023-07-02 20:23:21.985103','Learn Kubernetes','assets/images/products/placeholder.png',NULL,'Kubernetes - Deploying Containers','BOOK-TECH-1002',24.99,100,1)
COMMIT
INSERT INTO PRODUCT VALUES(6,TRUE,'2023-07-02 20:23:21.987105','Learn IoT','assets/images/products/placeholder.png',NULL,'Internet of Things (IoT) - Getting Started','BOOK-TECH-1003',29.99,100,1)
COMMIT
INSERT INTO PRODUCT VALUES(7,TRUE,'2023-07-02 20:23:21.989102','Learn Go','assets/images/products/placeholder.png',NULL,'The Go Programming Language: A to Z','BOOK-TECH-1004',24.99,100,1)
COMMIT
/*C8*/SET SCHEMA PUBLIC
DISCONNECT
/*C9*/SET SCHEMA PUBLIC
DISCONNECT
/*C10*/SET SCHEMA PUBLIC
DISCONNECT
